<?xml version="1.0" encoding="UTF-8"?>
<!-- Generated by org.testng.reporters.JUnitXMLReporter -->
<testsuite hostname="Julidell" ignored="0" name="Default test" tests="4" failures="0" timestamp="01 черв. 2017 10:52:27 GMT" time="42.438" errors="0">
  <testcase name="navigationToPurchaseFormPage" time="2.353" classname="com.valentine.test.NavigationRefactoredTest"/>
  <testcase name="navigationToStorePage" time="1.933" classname="com.valentine.test.NavigationRefactoredTest"/>
  <testcase name="testClickCodeLink" time="2.063" classname="com.valentine.test.NavigationRefactoredTest"/>
  <testcase name="testClickContactUsLink" time="2.166" classname="com.valentine.test.NavigationRefactoredTest"/>
</testsuite> <!-- Default test -->
