<?xml version="1.0" encoding="UTF-8"?>
<!-- Generated by org.testng.reporters.JUnitXMLReporter -->
<testsuite hostname="Julidell" ignored="0" name="Default test" tests="4" failures="0" timestamp="26 трав. 2017 15:51:43 GMT" time="42.889" errors="0">
  <testcase name="NavigationToCodePage" time="2.397" classname="com.valentine.test.NavigationByLinksTest"/>
  <testcase name="NavigationToContactUsPage" time="2.275" classname="com.valentine.test.NavigationByLinksTest"/>
  <testcase name="NavigationToPurchaseFormPage" time="1.918" classname="com.valentine.test.NavigationByLinksTest"/>
  <testcase name="NavigationToStorePage" time="2.07" classname="com.valentine.test.NavigationByLinksTest"/>
</testsuite> <!-- Default test -->
